mode: set
github.com/abhilashdk2016/go-laravel/celeritas/render/render.go:35.111,36.37 1 1
github.com/abhilashdk2016/go-laravel/celeritas/render/render.go:43.2,43.53 1 1
github.com/abhilashdk2016/go-laravel/celeritas/render/render.go:37.12,38.36 1 1
github.com/abhilashdk2016/go-laravel/celeritas/render/render.go:39.13,40.48 1 1
github.com/abhilashdk2016/go-laravel/celeritas/render/render.go:41.10,41.10 0 1
github.com/abhilashdk2016/go-laravel/celeritas/render/render.go:46.102,48.16 2 1
github.com/abhilashdk2016/go-laravel/celeritas/render/render.go:52.2,53.17 2 1
github.com/abhilashdk2016/go-laravel/celeritas/render/render.go:57.2,58.16 2 1
github.com/abhilashdk2016/go-laravel/celeritas/render/render.go:62.2,62.12 1 1
github.com/abhilashdk2016/go-laravel/celeritas/render/render.go:48.16,50.3 1 1
github.com/abhilashdk2016/go-laravel/celeritas/render/render.go:53.17,55.3 1 0
github.com/abhilashdk2016/go-laravel/celeritas/render/render.go:58.16,60.3 1 0
github.com/abhilashdk2016/go-laravel/celeritas/render/render.go:65.122,67.22 2 1
github.com/abhilashdk2016/go-laravel/celeritas/render/render.go:73.2,74.17 2 1
github.com/abhilashdk2016/go-laravel/celeritas/render/render.go:78.2,79.16 2 1
github.com/abhilashdk2016/go-laravel/celeritas/render/render.go:83.2,83.46 1 1
github.com/abhilashdk2016/go-laravel/celeritas/render/render.go:88.2,88.12 1 1
github.com/abhilashdk2016/go-laravel/celeritas/render/render.go:67.22,69.3 1 1
github.com/abhilashdk2016/go-laravel/celeritas/render/render.go:69.8,71.3 1 0
github.com/abhilashdk2016/go-laravel/celeritas/render/render.go:74.17,76.3 1 0
github.com/abhilashdk2016/go-laravel/celeritas/render/render.go:79.16,82.3 2 1
github.com/abhilashdk2016/go-laravel/celeritas/render/render.go:83.46,86.3 2 0
